0 info it worked if it ends with ok
1 verbose cli [ '/usr/bin/node',
1 verbose cli   '/usr/bin/npm',
1 verbose cli   'publish',
1 verbose cli   '--access',
1 verbose cli   'public' ]
2 info using npm@3.5.2
3 info using node@v8.10.0
4 verbose publish [ '.' ]
5 silly cache add args [ '.', null ]
6 verbose cache add spec .
7 silly cache add parsed spec Result {
7 silly cache add   raw: '.',
7 silly cache add   scope: null,
7 silly cache add   name: null,
7 silly cache add   rawSpec: '.',
7 silly cache add   spec: '/mnt/c/work/nery/icetools',
7 silly cache add   type: 'directory' }
8 verbose addLocalDirectory /home/nery/.npm/icetools/0.1.0/package.tgz not in flight; packing
9 verbose makeDirectory /home/nery/.npm creation not in flight; initializing
10 silly makeDirectory /home/nery/.npm uid: 1000 gid: 1000
11 info lifecycle icetools@0.1.0~prepublish: icetools@0.1.0
12 silly lifecycle icetools@0.1.0~prepublish: no script for prepublish, continuing
13 verbose tar pack [ '/home/nery/.npm/icetools/0.1.0/package.tgz',
13 verbose tar pack   '/mnt/c/work/nery/icetools' ]
14 verbose tarball /home/nery/.npm/icetools/0.1.0/package.tgz
15 verbose folder /mnt/c/work/nery/icetools
16 verbose addLocalTarball adding from inside cache /home/nery/.npm/icetools/0.1.0/package.tgz
17 silly cache afterAdd icetools@0.1.0
18 verbose afterAdd /home/nery/.npm/icetools/0.1.0/package/package.json not in flight; writing
19 verbose afterAdd /home/nery/.npm/icetools/0.1.0/package/package.json written
20 silly publish { name: 'icetools',
20 silly publish   version: '0.1.0',
20 silly publish   author: { name: 'Nery Jr' },
20 silly publish   description: 'An awesome transpiler from Javascript to Golo lang',
20 silly publish   main: './lib/index.js',
20 silly publish   scripts: { test: 'echo "Error: no test specified" && exit 1' },
20 silly publish   bin: { icetools: './bin/run.js' },
20 silly publish   preferGlobal: true,
20 silly publish   license: 'MIT',
20 silly publish   dependencies: {},
20 silly publish   gitHead: 'e57fe654efca83496b99d7ee5735a00d49516325',
20 silly publish   readme: 'ERROR: No README data found!',
20 silly publish   _id: 'icetools@0.1.0',
20 silly publish   _shasum: '7a27507e504ffd0bf8b4e2b28a50321d868dabea',
20 silly publish   _from: '.' }
21 verbose getPublishConfig undefined
22 silly mapToRegistry name icetools
23 silly mapToRegistry using default registry
24 silly mapToRegistry registry https://registry.npmjs.org/
25 silly mapToRegistry uri https://registry.npmjs.org/icetools
26 verbose publish registryBase https://registry.npmjs.org/
27 silly publish uploading /home/nery/.npm/icetools/0.1.0/package.tgz
28 verbose stack Error: auth required for publishing
28 verbose stack     at CachingRegistryClient.publish (/usr/share/npm/node_modules/npm-registry-client/lib/publish.js:30:14)
28 verbose stack     at /usr/share/npm/lib/publish.js:137:14
28 verbose stack     at mapToRegistry (/usr/share/npm/lib/utils/map-to-registry.js:55:3)
28 verbose stack     at publish_ (/usr/share/npm/lib/publish.js:106:3)
28 verbose stack     at Array.<anonymous> (/usr/share/npm/node_modules/slide/lib/bind-actor.js:15:8)
28 verbose stack     at LOOP (/usr/share/npm/node_modules/slide/lib/chain.js:15:14)
28 verbose stack     at LOOP (/usr/share/npm/node_modules/slide/lib/chain.js:14:28)
28 verbose stack     at chain (/usr/share/npm/node_modules/slide/lib/chain.js:20:5)
28 verbose stack     at /usr/share/npm/lib/publish.js:72:5
28 verbose stack     at RES (/usr/share/npm/node_modules/inflight/inflight.js:23:14)
29 verbose cwd /mnt/c/work/nery/icetools
30 error Linux 4.4.0-18362-Microsoft
31 error argv "/usr/bin/node" "/usr/bin/npm" "publish" "--access" "public"
32 error node v8.10.0
33 error npm  v3.5.2
34 error code ENEEDAUTH
35 error need auth auth required for publishing
36 error need auth You need to authorize this machine using `npm adduser`
37 verbose exit [ 1, true ]
